<?xml version="1.0" encoding="UTF-8"?>
<testng-results ignored="0" total="1" passed="1" failed="0" skipped="0">
  <reporter-output>
  </reporter-output>
  <suite started-at="2025-03-07T23:11:35 IST" name="Default suite" finished-at="2025-03-07T23:12:22 IST" duration-ms="46877">
    <groups>
      <group name="smokeTest">
        <method signature="campcreateWpro.campcreateWpro()[pri:0, instance:campaigns.campcreateWpro@62379589]" name="campcreateWpro" class="campaigns.campcreateWpro"/>
      </group> <!-- smokeTest -->
    </groups>
    <test started-at="2025-03-07T23:11:35 IST" name="Default test" finished-at="2025-03-07T23:12:22 IST" duration-ms="46877">
      <class name="campaigns.campcreateWpro">
        <test-method is-config="true" signature="BS()[pri:0, instance:campaigns.campcreateWpro@62379589]" started-at="2025-03-07T23:11:35 IST" name="BS" finished-at="2025-03-07T23:11:35 IST" duration-ms="5" status="PASS">
          <reporter-output>
          </reporter-output>
        </test-method> <!-- BS -->
        <test-method is-config="true" signature="BT()[pri:0, instance:campaigns.campcreateWpro@62379589]" started-at="2025-03-07T23:11:35 IST" name="BT" finished-at="2025-03-07T23:11:35 IST" duration-ms="1" status="PASS">
          <reporter-output>
          </reporter-output>
        </test-method> <!-- BT -->
        <test-method is-config="true" signature="BC()[pri:0, instance:campaigns.campcreateWpro@62379589]" started-at="2025-03-07T23:11:35 IST" name="BC" finished-at="2025-03-07T23:11:38 IST" duration-ms="2658" status="PASS">
          <reporter-output>
          </reporter-output>
        </test-method> <!-- BC -->
        <test-method is-config="true" signature="BM()[pri:0, instance:campaigns.campcreateWpro@62379589]" started-at="2025-03-07T23:11:38 IST" name="BM" finished-at="2025-03-07T23:11:44 IST" duration-ms="6662" status="PASS">
          <reporter-output>
          </reporter-output>
        </test-method> <!-- BM -->
        <test-method signature="campcreateWpro()[pri:0, instance:campaigns.campcreateWpro@62379589]" started-at="2025-03-07T23:11:44 IST" name="campcreateWpro" finished-at="2025-03-07T23:12:19 IST" duration-ms="34752" status="PASS">
          <reporter-output>
          </reporter-output>
        </test-method> <!-- campcreateWpro -->
        <test-method is-config="true" signature="AM()[pri:0, instance:campaigns.campcreateWpro@62379589]" started-at="2025-03-07T23:12:19 IST" name="AM" finished-at="2025-03-07T23:12:22 IST" duration-ms="2515" status="PASS">
          <reporter-output>
          </reporter-output>
        </test-method> <!-- AM -->
        <test-method is-config="true" signature="AC()[pri:0, instance:campaigns.campcreateWpro@62379589]" started-at="2025-03-07T23:12:22 IST" name="AC" finished-at="2025-03-07T23:12:22 IST" duration-ms="249" status="PASS">
          <reporter-output>
          </reporter-output>
        </test-method> <!-- AC -->
        <test-method is-config="true" signature="AT()[pri:0, instance:campaigns.campcreateWpro@62379589]" started-at="2025-03-07T23:12:22 IST" name="AT" finished-at="2025-03-07T23:12:22 IST" duration-ms="0" status="PASS">
          <reporter-output>
          </reporter-output>
        </test-method> <!-- AT -->
        <test-method is-config="true" signature="AS()[pri:0, instance:campaigns.campcreateWpro@62379589]" started-at="2025-03-07T23:12:22 IST" name="AS" finished-at="2025-03-07T23:12:22 IST" duration-ms="0" status="PASS">
          <reporter-output>
          </reporter-output>
        </test-method> <!-- AS -->
      </class> <!-- campaigns.campcreateWpro -->
    </test> <!-- Default test -->
  </suite> <!-- Default suite -->
</testng-results>
